# JRE version: OpenJDK Runtime Environment GraalVM CE 22.3.0 (17.0.5+8) (build 17.0.5+8-jvmci-22.3-b08)
# Java VM: OpenJDK 64-Bit Server VM GraalVM CE 22.3.0 (17.0.5+8-jvmci-22.3-b08, mixed mode, sharing, tiered, jvmci, jvmci compiler, compressed oops, compressed class ptrs, parallel gc, linux-amd64)
GC Precious Log:
 CPUs: 4 total, 1 available
 Memory: 1024M
 Large Page Support: Disabled
 NUMA Support: Disabled
 Compressed Oops: Enabled (32-bit)
 Alignments: Space 512K, Generation 512K, Heap 2M
 Heap Min Capacity: 100M
 Heap Initial Capacity: 100M
 Heap Max Capacity: 512M
 Pre-touch: Disabled
 Parallel Workers: 1
Heap:
 PSYoungGen      total 51712K, used 34303K [0x00000000f5580000, 0x00000000f9a80000, 0x0000000100000000)
  eden space 34304K, 99% used [0x00000000f5580000,0x00000000f76ffff8,0x00000000f7700000)
  from space 17408K, 0% used [0x00000000f7700000,0x00000000f7700000,0x00000000f8800000)
  to   space 17408K, 0% used [0x00000000f8800000,0x00000000f8800000,0x00000000f9900000)
 ParOldGen       total 349696K, used 349693K [0x00000000e0000000, 0x00000000f5580000, 0x00000000f5580000)
  object space 349696K, 99% used [0x00000000e0000000,0x00000000f557f6f8,0x00000000f5580000)
 Metaspace       used 56794K, committed 57920K, reserved 1105920K
  class space    used 5578K, committed 5952K, reserved 1048576K
GC Heap History (20 events):
Event: 2324.338 GC heap before
{Heap before GC invocations=1039 (full 929):
 PSYoungGen      total 51712K, used 34303K [0x00000000f5580000, 0x00000000f9a80000, 0x0000000100000000)
  eden space 34304K, 99% used [0x00000000f5580000,0x00000000f76ffdc0,0x00000000f7700000)
  from space 17408K, 0% used [0x00000000f7700000,0x00000000f7700000,0x00000000f8800000)
  to   space 17408K, 0% used [0x00000000f8800000,0x00000000f8800000,0x00000000f9900000)
 ParOldGen       total 349696K, used 349691K [0x00000000e0000000, 0x00000000f5580000, 0x00000000f5580000)
  object space 349696K, 99% used [0x00000000e0000000,0x00000000f557eed0,0x00000000f5580000)
 Metaspace       used 56794K, committed 57920K, reserved 1105920K
  class space    used 5578K, committed 5952K, reserved 1048576K
}
Event: 2326.701 GC heap after
{Heap after GC invocations=1039 (full 929):
 PSYoungGen      total 51712K, used 34303K [0x00000000f5580000, 0x00000000f9a80000, 0x0000000100000000)
  eden space 34304K, 99% used [0x00000000f5580000,0x00000000f76ffdc0,0x00000000f7700000)
  from space 17408K, 0% used [0x00000000f8800000,0x00000000f8800000,0x00000000f9900000)
  to   space 17408K, 0% used [0x00000000f7700000,0x00000000f7700000,0x00000000f8800000)
 ParOldGen       total 349696K, used 349691K [0x00000000e0000000, 0x00000000f5580000, 0x00000000f5580000)
  object space 349696K, 99% used [0x00000000e0000000,0x00000000f557eed0,0x00000000f5580000)
 Metaspace       used 56794K, committed 57920K, reserved 1105920K
  class space    used 5578K, committed 5952K, reserved 1048576K
}
Event: 2326.708 GC heap before
{Heap before GC invocations=1040 (full 930):
 PSYoungGen      total 51712K, used 34304K [0x00000000f5580000, 0x00000000f9a80000, 0x0000000100000000)
  eden space 34304K, 100% used [0x00000000f5580000,0x00000000f7700000,0x00000000f7700000)
  from space 17408K, 0% used [0x00000000f8800000,0x00000000f8800000,0x00000000f9900000)
  to   space 17408K, 0% used [0x00000000f7700000,0x00000000f7700000,0x00000000f8800000)
 ParOldGen       total 349696K, used 349693K [0x00000000e0000000, 0x00000000f5580000, 0x00000000f5580000)
  object space 349696K, 99% used [0x00000000e0000000,0x00000000f557f538,0x00000000f5580000)
 Metaspace       used 56794K, committed 57920K, reserved 1105920K
  class space    used 5578K, committed 5952K, reserved 1048576K
}
Event: 2329.143 GC heap after
{Heap after GC invocations=1040 (full 930):
 PSYoungGen      total 51712K, used 34303K [0x00000000f5580000, 0x00000000f9a80000, 0x0000000100000000)
  eden space 34304K, 99% used [0x00000000f5580000,0x00000000f76ffcf0,0x00000000f7700000)
  from space 17408K, 0% used [0x00000000f7700000,0x00000000f7700000,0x00000000f8800000)
  to   space 17408K, 0% used [0x00000000f8800000,0x00000000f8800000,0x00000000f9900000)
 ParOldGen       total 349696K, used 349689K [0x00000000e0000000, 0x00000000f5580000, 0x00000000f5580000)
  object space 349696K, 99% used [0x00000000e0000000,0x00000000f557e680,0x00000000f5580000)
 Metaspace       used 56794K, committed 57920K, reserved 1105920K
  class space    used 5578K, committed 5952K, reserved 1048576K
}
Event: 2329.143 GC heap before
{Heap before GC invocations=1041 (full 931):
 PSYoungGen      total 51712K, used 34303K [0x00000000f5580000, 0x00000000f9a80000, 0x0000000100000000)
  eden space 34304K, 99% used [0x00000000f5580000,0x00000000f76fffe8,0x00000000f7700000)
  from space 17408K, 0% used [0x00000000f7700000,0x00000000f7700000,0x00000000f8800000)
  to   space 17408K, 0% used [0x00000000f8800000,0x00000000f8800000,0x00000000f9900000)
 ParOldGen       total 349696K, used 349689K [0x00000000e0000000, 0x00000000f5580000, 0x00000000f5580000)
  object space 349696K, 99% used [0x00000000e0000000,0x00000000f557e680,0x00000000f5580000)
 Metaspace       used 56794K, committed 57920K, reserved 1105920K
  class space    used 5578K, committed 5952K, reserved 1048576K
}
Event: 2331.133 GC heap after
{Heap after GC invocations=1041 (full 931):
 PSYoungGen      total 51712K, used 34303K [0x00000000f5580000, 0x00000000f9a80000, 0x0000000100000000)
  eden space 34304K, 99% used [0x00000000f5580000,0x00000000f76fff38,0x00000000f7700000)
  from space 17408K, 0% used [0x00000000f8800000,0x00000000f8800000,0x00000000f9900000)
  to   space 17408K, 0% used [0x00000000f7700000,0x00000000f7700000,0x00000000f8800000)
 ParOldGen       total 349696K, used 349689K [0x00000000e0000000, 0x00000000f5580000, 0x00000000f5580000)
  object space 349696K, 99% used [0x00000000e0000000,0x00000000f557e680,0x00000000f5580000)
 Metaspace       used 56794K, committed 57920K, reserved 1105920K
  class space    used 5578K, committed 5952K, reserved 1048576K
}
Event: 2331.134 GC heap before
{Heap before GC invocations=1042 (full 932):
 PSYoungGen      total 51712K, used 34304K [0x00000000f5580000, 0x00000000f9a80000, 0x0000000100000000)
  eden space 34304K, 100% used [0x00000000f5580000,0x00000000f7700000,0x00000000f7700000)
  from space 17408K, 0% used [0x00000000f8800000,0x00000000f8800000,0x00000000f9900000)
  to   space 17408K, 0% used [0x00000000f7700000,0x00000000f7700000,0x00000000f8800000)
 ParOldGen       total 349696K, used 349689K [0x00000000e0000000, 0x00000000f5580000, 0x00000000f5580000)
  object space 349696K, 99% used [0x00000000e0000000,0x00000000f557e680,0x00000000f5580000)
 Metaspace       used 56794K, committed 57920K, reserved 1105920K
  class space    used 5578K, committed 5952K, reserved 1048576K
}
Event: 2333.439 GC heap after
{Heap after GC invocations=1042 (full 932):
 PSYoungGen      total 51712K, used 34304K [0x00000000f5580000, 0x00000000f9a80000, 0x0000000100000000)
  eden space 34304K, 100% used [0x00000000f5580000,0x00000000f7700000,0x00000000f7700000)
  from space 17408K, 0% used [0x00000000f7700000,0x00000000f7700000,0x00000000f8800000)
  to   space 17408K, 0% used [0x00000000f8800000,0x00000000f8800000,0x00000000f9900000)
 ParOldGen       total 349696K, used 349689K [0x00000000e0000000, 0x00000000f5580000, 0x00000000f5580000)
  object space 349696K, 99% used [0x00000000e0000000,0x00000000f557e680,0x00000000f5580000)
 Metaspace       used 56794K, committed 57920K, reserved 1105920K
  class space    used 5578K, committed 5952K, reserved 1048576K
}
Event: 2333.452 GC heap before
{Heap before GC invocations=1043 (full 933):
 PSYoungGen      total 51712K, used 34304K [0x00000000f5580000, 0x00000000f9a80000, 0x0000000100000000)
  eden space 34304K, 100% used [0x00000000f5580000,0x00000000f7700000,0x00000000f7700000)
  from space 17408K, 0% used [0x00000000f7700000,0x00000000f7700000,0x00000000f8800000)
  to   space 17408K, 0% used [0x00000000f8800000,0x00000000f8800000,0x00000000f9900000)
 ParOldGen       total 349696K, used 349691K [0x00000000e0000000, 0x00000000f5580000, 0x00000000f5580000)
  object space 349696K, 99% used [0x00000000e0000000,0x00000000f557ee60,0x00000000f5580000)
 Metaspace       used 56794K, committed 57920K, reserved 1105920K
  class space    used 5578K, committed 5952K, reserved 1048576K
}
Event: 2335.722 GC heap after
{Heap after GC invocations=1043 (full 933):
 PSYoungGen      total 51712K, used 34303K [0x00000000f5580000, 0x00000000f9a80000, 0x0000000100000000)
  eden space 34304K, 99% used [0x00000000f5580000,0x00000000f76ffda0,0x00000000f7700000)
  from space 17408K, 0% used [0x00000000f8800000,0x00000000f8800000,0x00000000f9900000)
  to   space 17408K, 0% used [0x00000000f7700000,0x00000000f7700000,0x00000000f8800000)
 ParOldGen       total 349696K, used 349689K [0x00000000e0000000, 0x00000000f5580000, 0x00000000f5580000)
  object space 349696K, 99% used [0x00000000e0000000,0x00000000f557e6a0,0x00000000f5580000)
 Metaspace       used 56794K, committed 57920K, reserved 1105920K
  class space    used 5578K, committed 5952K, reserved 1048576K
}
Event: 2335.723 GC heap before
{Heap before GC invocations=1044 (full 934):
 PSYoungGen      total 51712K, used 34303K [0x00000000f5580000, 0x00000000f9a80000, 0x0000000100000000)
  eden space 34304K, 99% used [0x00000000f5580000,0x00000000f76ffff8,0x00000000f7700000)
  from space 17408K, 0% used [0x00000000f8800000,0x00000000f8800000,0x00000000f9900000)
  to   space 17408K, 0% used [0x00000000f7700000,0x00000000f7700000,0x00000000f8800000)
 ParOldGen       total 349696K, used 349689K [0x00000000e0000000, 0x00000000f5580000, 0x00000000f5580000)
  object space 349696K, 99% used [0x00000000e0000000,0x00000000f557e6a0,0x00000000f5580000)
 Metaspace       used 56794K, committed 57920K, reserved 1105920K
  class space    used 5578K, committed 5952K, reserved 1048576K
}
Event: 2338.033 GC heap after
{Heap after GC invocations=1044 (full 934):
 PSYoungGen      total 51712K, used 34303K [0x00000000f5580000, 0x00000000f9a80000, 0x0000000100000000)
  eden space 34304K, 99% used [0x00000000f5580000,0x00000000f76fff18,0x00000000f7700000)
  from space 17408K, 0% used [0x00000000f7700000,0x00000000f7700000,0x00000000f8800000)
  to   space 17408K, 0% used [0x00000000f8800000,0x00000000f8800000,0x00000000f9900000)
 ParOldGen       total 349696K, used 349689K [0x00000000e0000000, 0x00000000f5580000, 0x00000000f5580000)
  object space 349696K, 99% used [0x00000000e0000000,0x00000000f557e6a0,0x00000000f5580000)
 Metaspace       used 56794K, committed 57920K, reserved 1105920K
  class space    used 5578K, committed 5952K, reserved 1048576K
}
Event: 2338.041 GC heap before
{Heap before GC invocations=1045 (full 935):
 PSYoungGen      total 51712K, used 34303K [0x00000000f5580000, 0x00000000f9a80000, 0x0000000100000000)
  eden space 34304K, 99% used [0x00000000f5580000,0x00000000f76ffff8,0x00000000f7700000)
  from space 17408K, 0% used [0x00000000f7700000,0x00000000f7700000,0x00000000f8800000)
  to   space 17408K, 0% used [0x00000000f8800000,0x00000000f8800000,0x00000000f9900000)
 ParOldGen       total 349696K, used 349689K [0x00000000e0000000, 0x00000000f5580000, 0x00000000f5580000)
  object space 349696K, 99% used [0x00000000e0000000,0x00000000f557e6a0,0x00000000f5580000)
 Metaspace       used 56794K, committed 57920K, reserved 1105920K
  class space    used 5578K, committed 5952K, reserved 1048576K
}
Event: 2339.919 GC heap after
{Heap after GC invocations=1045 (full 935):
 PSYoungGen      total 51712K, used 34303K [0x00000000f5580000, 0x00000000f9a80000, 0x0000000100000000)
  eden space 34304K, 99% used [0x00000000f5580000,0x00000000f76fff18,0x00000000f7700000)
  from space 17408K, 0% used [0x00000000f8800000,0x00000000f8800000,0x00000000f9900000)
  to   space 17408K, 0% used [0x00000000f7700000,0x00000000f7700000,0x00000000f8800000)
 ParOldGen       total 349696K, used 349689K [0x00000000e0000000, 0x00000000f5580000, 0x00000000f5580000)
  object space 349696K, 99% used [0x00000000e0000000,0x00000000f557e6a0,0x00000000f5580000)
 Metaspace       used 56794K, committed 57920K, reserved 1105920K
  class space    used 5578K, committed 5952K, reserved 1048576K
}
Event: 2339.919 GC heap before
{Heap before GC invocations=1046 (full 936):
 PSYoungGen      total 51712K, used 34303K [0x00000000f5580000, 0x00000000f9a80000, 0x0000000100000000)
  eden space 34304K, 99% used [0x00000000f5580000,0x00000000f76fff40,0x00000000f7700000)
  from space 17408K, 0% used [0x00000000f8800000,0x00000000f8800000,0x00000000f9900000)
  to   space 17408K, 0% used [0x00000000f7700000,0x00000000f7700000,0x00000000f8800000)
 ParOldGen       total 349696K, used 349689K [0x00000000e0000000, 0x00000000f5580000, 0x00000000f5580000)
  object space 349696K, 99% used [0x00000000e0000000,0x00000000f557e6a0,0x00000000f5580000)
 Metaspace       used 56794K, committed 57920K, reserved 1105920K
  class space    used 5578K, committed 5952K, reserved 1048576K
}
Event: 2342.146 GC heap after
{Heap after GC invocations=1046 (full 936):
 PSYoungGen      total 51712K, used 34303K [0x00000000f5580000, 0x00000000f9a80000, 0x0000000100000000)
  eden space 34304K, 99% used [0x00000000f5580000,0x00000000f76fff30,0x00000000f7700000)
  from space 17408K, 0% used [0x00000000f7700000,0x00000000f7700000,0x00000000f8800000)
  to   space 17408K, 0% used [0x00000000f8800000,0x00000000f8800000,0x00000000f9900000)
 ParOldGen       total 349696K, used 349689K [0x00000000e0000000, 0x00000000f5580000, 0x00000000f5580000)
  object space 349696K, 99% used [0x00000000e0000000,0x00000000f557e6a0,0x00000000f5580000)
 Metaspace       used 56794K, committed 57920K, reserved 1105920K
  class space    used 5578K, committed 5952K, reserved 1048576K
}
Event: 2342.146 GC heap before
{Heap before GC invocations=1047 (full 937):
 PSYoungGen      total 51712K, used 34304K [0x00000000f5580000, 0x00000000f9a80000, 0x0000000100000000)
  eden space 34304K, 100% used [0x00000000f5580000,0x00000000f7700000,0x00000000f7700000)
  from space 17408K, 0% used [0x00000000f7700000,0x00000000f7700000,0x00000000f8800000)
  to   space 17408K, 0% used [0x00000000f8800000,0x00000000f8800000,0x00000000f9900000)
 ParOldGen       total 349696K, used 349694K [0x00000000e0000000, 0x00000000f5580000, 0x00000000f5580000)
  object space 349696K, 99% used [0x00000000e0000000,0x00000000f557f9d8,0x00000000f5580000)
 Metaspace       used 56794K, committed 57920K, reserved 1105920K
  class space    used 5578K, committed 5952K, reserved 1048576K
}
Event: 2344.515 GC heap after
{Heap after GC invocations=1047 (full 937):
 PSYoungGen      total 51712K, used 34303K [0x00000000f5580000, 0x00000000f9a80000, 0x0000000100000000)
  eden space 34304K, 99% used [0x00000000f5580000,0x00000000f76fffc0,0x00000000f7700000)
  from space 17408K, 0% used [0x00000000f8800000,0x00000000f8800000,0x00000000f9900000)
  to   space 17408K, 0% used [0x00000000f7700000,0x00000000f7700000,0x00000000f8800000)
 ParOldGen       total 349696K, used 349693K [0x00000000e0000000, 0x00000000f5580000, 0x00000000f5580000)
  object space 349696K, 99% used [0x00000000e0000000,0x00000000f557f4f8,0x00000000f5580000)
 Metaspace       used 56794K, committed 57920K, reserved 1105920K
  class space    used 5578K, committed 5952K, reserved 1048576K
}
Event: 2344.515 GC heap before
{Heap before GC invocations=1048 (full 938):
 PSYoungGen      total 51712K, used 34303K [0x00000000f5580000, 0x00000000f9a80000, 0x0000000100000000)
  eden space 34304K, 99% used [0x00000000f5580000,0x00000000f76fffc0,0x00000000f7700000)
  from space 17408K, 0% used [0x00000000f8800000,0x00000000f8800000,0x00000000f9900000)
  to   space 17408K, 0% used [0x00000000f7700000,0x00000000f7700000,0x00000000f8800000)
 ParOldGen       total 349696K, used 349693K [0x00000000e0000000, 0x00000000f5580000, 0x00000000f5580000)
  object space 349696K, 99% used [0x00000000e0000000,0x00000000f557f4f8,0x00000000f5580000)
 Metaspace       used 56794K, committed 57920K, reserved 1105920K
  class space    used 5578K, committed 5952K, reserved 1048576K
}
Event: 2346.697 GC heap after
{Heap after GC invocations=1048 (full 938):
 PSYoungGen      total 51712K, used 34303K [0x00000000f5580000, 0x00000000f9a80000, 0x0000000100000000)
  eden space 34304K, 99% used [0x00000000f5580000,0x00000000f76fffc0,0x00000000f7700000)
  from space 17408K, 0% used [0x00000000f7700000,0x00000000f7700000,0x00000000f8800000)
  to   space 17408K, 0% used [0x00000000f8800000,0x00000000f8800000,0x00000000f9900000)
 ParOldGen       total 349696K, used 349693K [0x00000000e0000000, 0x00000000f5580000, 0x00000000f5580000)
  object space 349696K, 99% used [0x00000000e0000000,0x00000000f557f4f8,0x00000000f5580000)
 Metaspace       used 56794K, committed 57920K, reserved 1105920K
  class space    used 5578K, committed 5952K, reserved 1048576K
}

