# JRE version: OpenJDK Runtime Environment GraalVM CE 22.3.0 (17.0.5+8) (build 17.0.5+8-jvmci-22.3-b08)
# Java VM: OpenJDK 64-Bit Server VM GraalVM CE 22.3.0 (17.0.5+8-jvmci-22.3-b08, mixed mode, sharing, tiered, jvmci, jvmci compiler, compressed oops, compressed class ptrs, parallel gc, linux-amd64)
GC Precious Log:
 CPUs: 4 total, 1 available
 Memory: 1024M
 Large Page Support: Disabled
 NUMA Support: Disabled
 Compressed Oops: Enabled (32-bit)
 Alignments: Space 512K, Generation 512K, Heap 2M
 Heap Min Capacity: 100M
 Heap Initial Capacity: 100M
 Heap Max Capacity: 512M
 Pre-touch: Disabled
 Parallel Workers: 1
Heap:
 PSYoungGen      total 64512K, used 33791K [0x00000000f5580000, 0x00000000fb880000, 0x0000000100000000)
  eden space 33792K, 99% used [0x00000000f5580000,0x00000000f767fff8,0x00000000f7680000)
  from space 30720K, 0% used [0x00000000f9a80000,0x00000000f9a80000,0x00000000fb880000)
  to   space 13312K, 0% used [0x00000000f7680000,0x00000000f7680000,0x00000000f8380000)
 ParOldGen       total 349696K, used 349695K [0x00000000e0000000, 0x00000000f5580000, 0x00000000f5580000)
  object space 349696K, 99% used [0x00000000e0000000,0x00000000f557fef8,0x00000000f5580000)
 Metaspace       used 57051K, committed 58240K, reserved 1105920K
  class space    used 5644K, committed 6080K, reserved 1048576K
GC Heap History (20 events):
Event: 1431.015 GC heap before
{Heap before GC invocations=655 (full 570):
 PSYoungGen      total 64512K, used 33791K [0x00000000f5580000, 0x00000000fb880000, 0x0000000100000000)
  eden space 33792K, 99% used [0x00000000f5580000,0x00000000f767ffd0,0x00000000f7680000)
  from space 30720K, 0% used [0x00000000f9a80000,0x00000000f9a80000,0x00000000fb880000)
  to   space 13312K, 0% used [0x00000000f7680000,0x00000000f7680000,0x00000000f8380000)
 ParOldGen       total 349696K, used 349689K [0x00000000e0000000, 0x00000000f5580000, 0x00000000f5580000)
  object space 349696K, 99% used [0x00000000e0000000,0x00000000f557e440,0x00000000f5580000)
 Metaspace       used 57049K, committed 58240K, reserved 1105920K
  class space    used 5644K, committed 6080K, reserved 1048576K
}
Event: 1433.120 GC heap after
{Heap after GC invocations=655 (full 570):
 PSYoungGen      total 47104K, used 33791K [0x00000000f5580000, 0x00000000fb880000, 0x0000000100000000)
  eden space 33792K, 99% used [0x00000000f5580000,0x00000000f767ffb0,0x00000000f7680000)
  from space 13312K, 0% used [0x00000000f7680000,0x00000000f7680000,0x00000000f8380000)
  to   space 30720K, 0% used [0x00000000f9a80000,0x00000000f9a80000,0x00000000fb880000)
 ParOldGen       total 349696K, used 349689K [0x00000000e0000000, 0x00000000f5580000, 0x00000000f5580000)
  object space 349696K, 99% used [0x00000000e0000000,0x00000000f557e440,0x00000000f5580000)
 Metaspace       used 57049K, committed 58240K, reserved 1105920K
  class space    used 5644K, committed 6080K, reserved 1048576K
}
Event: 1433.121 GC heap before
{Heap before GC invocations=656 (full 571):
 PSYoungGen      total 47104K, used 33792K [0x00000000f5580000, 0x00000000fb880000, 0x0000000100000000)
  eden space 33792K, 100% used [0x00000000f5580000,0x00000000f7680000,0x00000000f7680000)
  from space 13312K, 0% used [0x00000000f7680000,0x00000000f7680000,0x00000000f8380000)
  to   space 30720K, 0% used [0x00000000f9a80000,0x00000000f9a80000,0x00000000fb880000)
 ParOldGen       total 349696K, used 349694K [0x00000000e0000000, 0x00000000f5580000, 0x00000000f5580000)
  object space 349696K, 99% used [0x00000000e0000000,0x00000000f557fa18,0x00000000f5580000)
 Metaspace       used 57050K, committed 58240K, reserved 1105920K
  class space    used 5644K, committed 6080K, reserved 1048576K
}
Event: 1435.756 GC heap after
{Heap after GC invocations=656 (full 571):
 PSYoungGen      total 64512K, used 33791K [0x00000000f5580000, 0x00000000fb880000, 0x0000000100000000)
  eden space 33792K, 99% used [0x00000000f5580000,0x00000000f767ffc8,0x00000000f7680000)
  from space 30720K, 0% used [0x00000000f9a80000,0x00000000f9a80000,0x00000000fb880000)
  to   space 13312K, 0% used [0x00000000f7680000,0x00000000f7680000,0x00000000f8380000)
 ParOldGen       total 349696K, used 349690K [0x00000000e0000000, 0x00000000f5580000, 0x00000000f5580000)
  object space 349696K, 99% used [0x00000000e0000000,0x00000000f557e9f0,0x00000000f5580000)
 Metaspace       used 57050K, committed 58240K, reserved 1105920K
  class space    used 5644K, committed 6080K, reserved 1048576K
}
Event: 1435.758 GC heap before
{Heap before GC invocations=657 (full 572):
 PSYoungGen      total 64512K, used 33792K [0x00000000f5580000, 0x00000000fb880000, 0x0000000100000000)
  eden space 33792K, 100% used [0x00000000f5580000,0x00000000f7680000,0x00000000f7680000)
  from space 30720K, 0% used [0x00000000f9a80000,0x00000000f9a80000,0x00000000fb880000)
  to   space 13312K, 0% used [0x00000000f7680000,0x00000000f7680000,0x00000000f8380000)
 ParOldGen       total 349696K, used 349690K [0x00000000e0000000, 0x00000000f5580000, 0x00000000f5580000)
  object space 349696K, 99% used [0x00000000e0000000,0x00000000f557e9f0,0x00000000f5580000)
 Metaspace       used 57050K, committed 58240K, reserved 1105920K
  class space    used 5644K, committed 6080K, reserved 1048576K
}
Event: 1437.833 GC heap after
{Heap after GC invocations=657 (full 572):
 PSYoungGen      total 47104K, used 33791K [0x00000000f5580000, 0x00000000fb880000, 0x0000000100000000)
  eden space 33792K, 99% used [0x00000000f5580000,0x00000000f767ffe0,0x00000000f7680000)
  from space 13312K, 0% used [0x00000000f7680000,0x00000000f7680000,0x00000000f8380000)
  to   space 30720K, 0% used [0x00000000f9a80000,0x00000000f9a80000,0x00000000fb880000)
 ParOldGen       total 349696K, used 349690K [0x00000000e0000000, 0x00000000f5580000, 0x00000000f5580000)
  object space 349696K, 99% used [0x00000000e0000000,0x00000000f557e9f0,0x00000000f5580000)
 Metaspace       used 57050K, committed 58240K, reserved 1105920K
  class space    used 5644K, committed 6080K, reserved 1048576K
}
Event: 1437.833 GC heap before
{Heap before GC invocations=658 (full 573):
 PSYoungGen      total 47104K, used 33792K [0x00000000f5580000, 0x00000000fb880000, 0x0000000100000000)
  eden space 33792K, 100% used [0x00000000f5580000,0x00000000f7680000,0x00000000f7680000)
  from space 13312K, 0% used [0x00000000f7680000,0x00000000f7680000,0x00000000f8380000)
  to   space 30720K, 0% used [0x00000000f9a80000,0x00000000f9a80000,0x00000000fb880000)
 ParOldGen       total 349696K, used 349690K [0x00000000e0000000, 0x00000000f5580000, 0x00000000f5580000)
  object space 349696K, 99% used [0x00000000e0000000,0x00000000f557e9f0,0x00000000f5580000)
 Metaspace       used 57050K, committed 58240K, reserved 1105920K
  class space    used 5644K, committed 6080K, reserved 1048576K
}
Event: 1439.803 GC heap after
{Heap after GC invocations=658 (full 573):
 PSYoungGen      total 64512K, used 33791K [0x00000000f5580000, 0x00000000fb880000, 0x0000000100000000)
  eden space 33792K, 99% used [0x00000000f5580000,0x00000000f767ffe0,0x00000000f7680000)
  from space 30720K, 0% used [0x00000000f9a80000,0x00000000f9a80000,0x00000000fb880000)
  to   space 13312K, 0% used [0x00000000f7680000,0x00000000f7680000,0x00000000f8380000)
 ParOldGen       total 349696K, used 349690K [0x00000000e0000000, 0x00000000f5580000, 0x00000000f5580000)
  object space 349696K, 99% used [0x00000000e0000000,0x00000000f557e9f0,0x00000000f5580000)
 Metaspace       used 57050K, committed 58240K, reserved 1105920K
  class space    used 5644K, committed 6080K, reserved 1048576K
}
Event: 1439.804 GC heap before
{Heap before GC invocations=659 (full 574):
 PSYoungGen      total 64512K, used 33792K [0x00000000f5580000, 0x00000000fb880000, 0x0000000100000000)
  eden space 33792K, 100% used [0x00000000f5580000,0x00000000f7680000,0x00000000f7680000)
  from space 30720K, 0% used [0x00000000f9a80000,0x00000000f9a80000,0x00000000fb880000)
  to   space 13312K, 0% used [0x00000000f7680000,0x00000000f7680000,0x00000000f8380000)
 ParOldGen       total 349696K, used 349695K [0x00000000e0000000, 0x00000000f5580000, 0x00000000f5580000)
  object space 349696K, 99% used [0x00000000e0000000,0x00000000f557ffe0,0x00000000f5580000)
 Metaspace       used 57051K, committed 58240K, reserved 1105920K
  class space    used 5644K, committed 6080K, reserved 1048576K
}
Event: 1441.829 GC heap after
{Heap after GC invocations=659 (full 574):
 PSYoungGen      total 47104K, used 33791K [0x00000000f5580000, 0x00000000fb880000, 0x0000000100000000)
  eden space 33792K, 99% used [0x00000000f5580000,0x00000000f767ffd8,0x00000000f7680000)
  from space 13312K, 0% used [0x00000000f7680000,0x00000000f7680000,0x00000000f8380000)
  to   space 30720K, 0% used [0x00000000f9a80000,0x00000000f9a80000,0x00000000fb880000)
 ParOldGen       total 349696K, used 349694K [0x00000000e0000000, 0x00000000f5580000, 0x00000000f5580000)
  object space 349696K, 99% used [0x00000000e0000000,0x00000000f557fa00,0x00000000f5580000)
 Metaspace       used 57051K, committed 58240K, reserved 1105920K
  class space    used 5644K, committed 6080K, reserved 1048576K
}
Event: 1441.832 GC heap before
{Heap before GC invocations=660 (full 575):
 PSYoungGen      total 47104K, used 33791K [0x00000000f5580000, 0x00000000fb880000, 0x0000000100000000)
  eden space 33792K, 99% used [0x00000000f5580000,0x00000000f767fff8,0x00000000f7680000)
  from space 13312K, 0% used [0x00000000f7680000,0x00000000f7680000,0x00000000f8380000)
  to   space 30720K, 0% used [0x00000000f9a80000,0x00000000f9a80000,0x00000000fb880000)
 ParOldGen       total 349696K, used 349694K [0x00000000e0000000, 0x00000000f5580000, 0x00000000f5580000)
  object space 349696K, 99% used [0x00000000e0000000,0x00000000f557fa00,0x00000000f5580000)
 Metaspace       used 57051K, committed 58240K, reserved 1105920K
  class space    used 5644K, committed 6080K, reserved 1048576K
}
Event: 1444.006 GC heap after
{Heap after GC invocations=660 (full 575):
 PSYoungGen      total 64512K, used 33791K [0x00000000f5580000, 0x00000000fb880000, 0x0000000100000000)
  eden space 33792K, 99% used [0x00000000f5580000,0x00000000f767ffd8,0x00000000f7680000)
  from space 30720K, 0% used [0x00000000f9a80000,0x00000000f9a80000,0x00000000fb880000)
  to   space 13312K, 0% used [0x00000000f7680000,0x00000000f7680000,0x00000000f8380000)
 ParOldGen       total 349696K, used 349694K [0x00000000e0000000, 0x00000000f5580000, 0x00000000f5580000)
  object space 349696K, 99% used [0x00000000e0000000,0x00000000f557fa00,0x00000000f5580000)
 Metaspace       used 57051K, committed 58240K, reserved 1105920K
  class space    used 5644K, committed 6080K, reserved 1048576K
}
Event: 1444.006 GC heap before
{Heap before GC invocations=661 (full 576):
 PSYoungGen      total 64512K, used 33791K [0x00000000f5580000, 0x00000000fb880000, 0x0000000100000000)
  eden space 33792K, 99% used [0x00000000f5580000,0x00000000f767fff8,0x00000000f7680000)
  from space 30720K, 0% used [0x00000000f9a80000,0x00000000f9a80000,0x00000000fb880000)
  to   space 13312K, 0% used [0x00000000f7680000,0x00000000f7680000,0x00000000f8380000)
 ParOldGen       total 349696K, used 349694K [0x00000000e0000000, 0x00000000f5580000, 0x00000000f5580000)
  object space 349696K, 99% used [0x00000000e0000000,0x00000000f557fa00,0x00000000f5580000)
 Metaspace       used 57051K, committed 58240K, reserved 1105920K
  class space    used 5644K, committed 6080K, reserved 1048576K
}
Event: 1446.020 GC heap after
{Heap after GC invocations=661 (full 576):
 PSYoungGen      total 47104K, used 33791K [0x00000000f5580000, 0x00000000fb880000, 0x0000000100000000)
  eden space 33792K, 99% used [0x00000000f5580000,0x00000000f767ffd8,0x00000000f7680000)
  from space 13312K, 0% used [0x00000000f7680000,0x00000000f7680000,0x00000000f8380000)
  to   space 30720K, 0% used [0x00000000f9a80000,0x00000000f9a80000,0x00000000fb880000)
 ParOldGen       total 349696K, used 349694K [0x00000000e0000000, 0x00000000f5580000, 0x00000000f5580000)
  object space 349696K, 99% used [0x00000000e0000000,0x00000000f557fa00,0x00000000f5580000)
 Metaspace       used 57051K, committed 58240K, reserved 1105920K
  class space    used 5644K, committed 6080K, reserved 1048576K
}
Event: 1446.021 GC heap before
{Heap before GC invocations=662 (full 577):
 PSYoungGen      total 47104K, used 33791K [0x00000000f5580000, 0x00000000fb880000, 0x0000000100000000)
  eden space 33792K, 99% used [0x00000000f5580000,0x00000000f767fff8,0x00000000f7680000)
  from space 13312K, 0% used [0x00000000f7680000,0x00000000f7680000,0x00000000f8380000)
  to   space 30720K, 0% used [0x00000000f9a80000,0x00000000f9a80000,0x00000000fb880000)
 ParOldGen       total 349696K, used 349694K [0x00000000e0000000, 0x00000000f5580000, 0x00000000f5580000)
  object space 349696K, 99% used [0x00000000e0000000,0x00000000f557fa00,0x00000000f5580000)
 Metaspace       used 57051K, committed 58240K, reserved 1105920K
  class space    used 5644K, committed 6080K, reserved 1048576K
}
Event: 1448.214 GC heap after
{Heap after GC invocations=662 (full 577):
 PSYoungGen      total 64512K, used 33791K [0x00000000f5580000, 0x00000000fb880000, 0x0000000100000000)
  eden space 33792K, 99% used [0x00000000f5580000,0x00000000f767ffd8,0x00000000f7680000)
  from space 30720K, 0% used [0x00000000f9a80000,0x00000000f9a80000,0x00000000fb880000)
  to   space 13312K, 0% used [0x00000000f7680000,0x00000000f7680000,0x00000000f8380000)
 ParOldGen       total 349696K, used 349694K [0x00000000e0000000, 0x00000000f5580000, 0x00000000f5580000)
  object space 349696K, 99% used [0x00000000e0000000,0x00000000f557fa00,0x00000000f5580000)
 Metaspace       used 57051K, committed 58240K, reserved 1105920K
  class space    used 5644K, committed 6080K, reserved 1048576K
}
Event: 1448.215 GC heap before
{Heap before GC invocations=663 (full 578):
 PSYoungGen      total 64512K, used 33791K [0x00000000f5580000, 0x00000000fb880000, 0x0000000100000000)
  eden space 33792K, 99% used [0x00000000f5580000,0x00000000f767fff8,0x00000000f7680000)
  from space 30720K, 0% used [0x00000000f9a80000,0x00000000f9a80000,0x00000000fb880000)
  to   space 13312K, 0% used [0x00000000f7680000,0x00000000f7680000,0x00000000f8380000)
 ParOldGen       total 349696K, used 349694K [0x00000000e0000000, 0x00000000f5580000, 0x00000000f5580000)
  object space 349696K, 99% used [0x00000000e0000000,0x00000000f557fa00,0x00000000f5580000)
 Metaspace       used 57051K, committed 58240K, reserved 1105920K
  class space    used 5644K, committed 6080K, reserved 1048576K
}
Event: 1450.166 GC heap after
{Heap after GC invocations=663 (full 578):
 PSYoungGen      total 47104K, used 33791K [0x00000000f5580000, 0x00000000fb880000, 0x0000000100000000)
  eden space 33792K, 99% used [0x00000000f5580000,0x00000000f767ffb8,0x00000000f7680000)
  from space 13312K, 0% used [0x00000000f7680000,0x00000000f7680000,0x00000000f8380000)
  to   space 30720K, 0% used [0x00000000f9a80000,0x00000000f9a80000,0x00000000fb880000)
 ParOldGen       total 349696K, used 349694K [0x00000000e0000000, 0x00000000f5580000, 0x00000000f5580000)
  object space 349696K, 99% used [0x00000000e0000000,0x00000000f557fa00,0x00000000f5580000)
 Metaspace       used 57051K, committed 58240K, reserved 1105920K
  class space    used 5644K, committed 6080K, reserved 1048576K
}
Event: 1450.166 GC heap before
{Heap before GC invocations=664 (full 579):
 PSYoungGen      total 47104K, used 33791K [0x00000000f5580000, 0x00000000fb880000, 0x0000000100000000)
  eden space 33792K, 99% used [0x00000000f5580000,0x00000000f767ffb8,0x00000000f7680000)
  from space 13312K, 0% used [0x00000000f7680000,0x00000000f7680000,0x00000000f8380000)
  to   space 30720K, 0% used [0x00000000f9a80000,0x00000000f9a80000,0x00000000fb880000)
 ParOldGen       total 349696K, used 349694K [0x00000000e0000000, 0x00000000f5580000, 0x00000000f5580000)
  object space 349696K, 99% used [0x00000000e0000000,0x00000000f557fa00,0x00000000f5580000)
 Metaspace       used 57051K, committed 58240K, reserved 1105920K
  class space    used 5644K, committed 6080K, reserved 1048576K
}
Event: 1452.210 GC heap after
{Heap after GC invocations=664 (full 579):
 PSYoungGen      total 64512K, used 33791K [0x00000000f5580000, 0x00000000fb880000, 0x0000000100000000)
  eden space 33792K, 99% used [0x00000000f5580000,0x00000000f767ffa0,0x00000000f7680000)
  from space 30720K, 0% used [0x00000000f9a80000,0x00000000f9a80000,0x00000000fb880000)
  to   space 13312K, 0% used [0x00000000f7680000,0x00000000f7680000,0x00000000f8380000)
 ParOldGen       total 349696K, used 349693K [0x00000000e0000000, 0x00000000f5580000, 0x00000000f5580000)
  object space 349696K, 99% used [0x00000000e0000000,0x00000000f557f518,0x00000000f5580000)
 Metaspace       used 57051K, committed 58240K, reserved 1105920K
  class space    used 5644K, committed 6080K, reserved 1048576K
}

